c:\users\jonat\documents\projects\rouge_like\x64\debug\vc142.pdb
c:\users\jonat\documents\projects\rouge_like\x64\debug\vc142.idb
c:\users\jonat\documents\projects\rouge_like\x64\debug\map.obj
c:\users\jonat\documents\projects\rouge_like\x64\debug\main.obj
c:\users\jonat\documents\projects\rouge_like\x64\debug\engine.obj
c:\users\jonat\documents\projects\rouge_like\x64\debug\actor.obj
c:\users\jonat\documents\projects\rouge_like\x64\debug\ai.obj
c:\users\jonat\documents\projects\rouge_like\x64\debug\destructible.obj
c:\users\jonat\documents\projects\rouge_like\x64\debug\attacker.obj
c:\users\jonat\documents\projects\rouge_like\x64\debug\gui.obj
c:\users\jonat\documents\projects\rouge_like\x64\debug\pickable.obj
c:\users\jonat\documents\projects\rouge_like\x64\debug\container.obj
c:\users\jonat\documents\projects\rouge_like\x64\debug\persistent.obj
c:\users\jonat\documents\projects\rouge_like\x64\debug\rogue like.exe
c:\users\jonat\documents\projects\rouge_like\x64\debug\rogue like.ilk
c:\users\jonat\documents\projects\rouge_like\x64\debug\rogue like.pdb
c:\users\jonat\documents\projects\rouge_like\x64\debug\ai.new.obj.enc
c:\users\jonat\documents\projects\rouge_like\x64\debug\engine.new.obj.enc
c:\users\jonat\documents\projects\rouge_like\x64\debug\gui.obj.enc
c:\users\jonat\documents\projects\rouge_like\x64\debug\rogue like.tlog\cl.command.1.tlog
c:\users\jonat\documents\projects\rouge_like\x64\debug\rogue like.tlog\cl.read.1.tlog
c:\users\jonat\documents\projects\rouge_like\x64\debug\rogue like.tlog\cl.write.1.tlog
c:\users\jonat\documents\projects\rouge_like\x64\debug\rogue like.tlog\link.command.1.tlog
c:\users\jonat\documents\projects\rouge_like\x64\debug\rogue like.tlog\link.read.1.tlog
c:\users\jonat\documents\projects\rouge_like\x64\debug\rogue like.tlog\link.write.1.tlog
